<?xml version="1.0" encoding="UTF-8"?>
<!-- Generated by org.testng.reporters.JUnitReportReporter -->
<testsuite hostname="LAPTOP-HG1NN4EH" name="com.demo.tests.DemoTest" tests="2" failures="0" timestamp="14 Jan 2017 21:05:34 GMT" time="43.188" errors="0">
  <testcase name="search" time="23.725" classname="com.demo.tests.DemoTest"/>
  <testcase name="search" time="19.463" classname="com.demo.tests.DemoTest"/>
</testsuite> <!-- com.demo.tests.DemoTest -->
